<?xml version="1.0" encoding="UTF-8"?>
<testsuite name="MoneyTest" tests="1" skipped="0" failures="0" errors="0" timestamp="2015-12-09T14:48:29" hostname="yongjunjungui-MacBook-Pro-2.local" time="0.001">
  <properties/>
  <testcase name="testMultiplication" classname="MoneyTest" time="0.001"/>
  <system-out><![CDATA[]]></system-out>
  <system-err><![CDATA[]]></system-err>
</testsuite>
